{"level":"info","message":"Payment service running on port 3003","service":"payment-service","timestamp":"2025-03-03 14:40:01"}
{"level":"info","message":"Database info: Starting a postgresql pool with 5 connections.","service":"payment-service","timestamp":"2025-03-03 14:40:01"}
{"level":"info","message":"Successfully connected to the database","service":"payment-service","timestamp":"2025-03-03 14:40:02"}
{"level":"info","message":"Payment service running on port 3003","service":"payment-service","timestamp":"2025-03-03 14:40:14"}
{"level":"info","message":"Database info: Starting a postgresql pool with 5 connections.","service":"payment-service","timestamp":"2025-03-03 14:40:14"}
{"level":"info","message":"Successfully connected to the database","service":"payment-service","timestamp":"2025-03-03 14:40:14"}
{"level":"info","message":"Payment service running on port 3003","service":"payment-service","timestamp":"2025-03-03 14:41:37"}
{"level":"info","message":"Database info: Starting a postgresql pool with 5 connections.","service":"payment-service","timestamp":"2025-03-03 14:41:37"}
{"level":"info","message":"Successfully connected to the database","service":"payment-service","timestamp":"2025-03-03 14:41:37"}
{"level":"info","message":"Payment service running on port 3003","service":"payment-service","timestamp":"2025-03-03 14:59:38"}
{"level":"info","message":"Database info: Starting a postgresql pool with 5 connections.","service":"payment-service","timestamp":"2025-03-03 14:59:38"}
{"level":"info","message":"Successfully connected to the database","service":"payment-service","timestamp":"2025-03-03 14:59:38"}
{"level":"info","message":"Payment service running on port 3003","service":"payment-service","timestamp":"2025-03-03 15:00:18"}
{"level":"info","message":"Database info: Starting a postgresql pool with 5 connections.","service":"payment-service","timestamp":"2025-03-03 15:00:19"}
{"level":"info","message":"Successfully connected to the database","service":"payment-service","timestamp":"2025-03-03 15:00:19"}
{"level":"info","message":"Payment service running on port 3003","service":"payment-service","timestamp":"2025-03-03 15:08:59"}
{"level":"info","message":"Database info: Starting a postgresql pool with 5 connections.","service":"payment-service","timestamp":"2025-03-03 15:08:59"}
{"level":"info","message":"Successfully connected to the database","service":"payment-service","timestamp":"2025-03-03 15:08:59"}
{"level":"info","message":"Payment service running on port 3003","service":"payment-service","timestamp":"2025-03-03 15:11:38"}
{"level":"info","message":"Database info: Starting a postgresql pool with 5 connections.","service":"payment-service","timestamp":"2025-03-03 15:11:38"}
{"level":"info","message":"Payment service running on port 3003","service":"payment-service","timestamp":"2025-03-03 15:11:57"}
{"level":"info","message":"Database info: Starting a postgresql pool with 5 connections.","service":"payment-service","timestamp":"2025-03-03 15:11:57"}
{"level":"info","message":"Successfully connected to the database","service":"payment-service","timestamp":"2025-03-03 15:11:58"}
{"level":"info","message":"Payment service running on port 3003","service":"payment-service","timestamp":"2025-03-03 15:12:10"}
{"level":"info","message":"Database info: Starting a postgresql pool with 5 connections.","service":"payment-service","timestamp":"2025-03-03 15:12:10"}
{"level":"info","message":"Successfully connected to the database","service":"payment-service","timestamp":"2025-03-03 15:12:10"}
{"level":"info","message":"Payment service running on port 3003","service":"payment-service","timestamp":"2025-03-04 14:28:45"}
{"level":"info","message":"Database info: Starting a postgresql pool with 5 connections.","service":"payment-service","timestamp":"2025-03-04 14:28:45"}
{"level":"info","message":"Successfully connected to the database","service":"payment-service","timestamp":"2025-03-04 14:28:46"}
{"level":"info","message":"Payment service running on port 3003","service":"payment-service","timestamp":"2025-03-04 14:28:54"}
{"level":"info","message":"Database info: Starting a postgresql pool with 5 connections.","service":"payment-service","timestamp":"2025-03-04 14:28:54"}
{"level":"info","message":"Successfully connected to the database","service":"payment-service","timestamp":"2025-03-04 14:28:55"}
{"level":"info","message":"Payment service running on port 3003","service":"payment-service","timestamp":"2025-03-04 14:28:57"}
{"level":"info","message":"Database info: Starting a postgresql pool with 5 connections.","service":"payment-service","timestamp":"2025-03-04 14:28:57"}
{"level":"info","message":"Successfully connected to the database","service":"payment-service","timestamp":"2025-03-04 14:28:57"}
{"level":"info","message":"Payment service running on port 3003","service":"payment-service","timestamp":"2025-03-04 14:29:05"}
{"level":"info","message":"Database info: Starting a postgresql pool with 5 connections.","service":"payment-service","timestamp":"2025-03-04 14:29:05"}
{"level":"info","message":"Successfully connected to the database","service":"payment-service","timestamp":"2025-03-04 14:29:05"}
{"level":"info","message":"Payment service running on port 3003","service":"payment-service","timestamp":"2025-03-04 14:30:02"}
{"level":"info","message":"Database info: Starting a postgresql pool with 5 connections.","service":"payment-service","timestamp":"2025-03-04 14:30:02"}
{"level":"info","message":"Successfully connected to the database","service":"payment-service","timestamp":"2025-03-04 14:30:02"}
{"level":"info","message":"Payment service running on port 3003","service":"payment-service","timestamp":"2025-03-04 15:06:57"}
{"level":"info","message":"Database info: Starting a postgresql pool with 5 connections.","service":"payment-service","timestamp":"2025-03-04 15:06:57"}
{"level":"info","message":"Successfully connected to the database","service":"payment-service","timestamp":"2025-03-04 15:06:58"}
{"level":"info","message":"Payment service running on port 3003","service":"payment-service","timestamp":"2025-03-04 15:07:30"}
{"level":"info","message":"Database info: Starting a postgresql pool with 5 connections.","service":"payment-service","timestamp":"2025-03-04 15:07:30"}
{"level":"info","message":"Successfully connected to the database","service":"payment-service","timestamp":"2025-03-04 15:07:31"}
{"eventId":"evt_3QyvEHDxY1cZtFZH0HNROhfA","level":"info","message":"Processing webhook event: charge.succeeded","service":"payment-service","timestamp":"2025-03-04 15:09:51"}
{"level":"info","message":"Charge succeeded: ch_3QyvEHDxY1cZtFZH0BCsKpKD","service":"payment-service","timestamp":"2025-03-04 15:09:51"}
{"level":"info","message":"::1 - - [04/Mar/2025:13:09:51 +0000] \"POST /api/webhooks/stripe HTTP/1.1\" 200 17 \"-\" \"Stripe/1.0 (+https://stripe.com/docs/webhooks)\"","service":"payment-service","timestamp":"2025-03-04 15:09:51"}
{"eventId":"evt_3QyvEHDxY1cZtFZH0H3ZVYIy","level":"info","message":"Processing webhook event: payment_intent.succeeded","service":"payment-service","timestamp":"2025-03-04 15:09:51"}
{"level":"info","message":"Payment intent succeeded: pi_3QyvEHDxY1cZtFZH0MdhM88N","service":"payment-service","timestamp":"2025-03-04 15:09:51"}
{"level":"info","message":"::1 - - [04/Mar/2025:13:09:51 +0000] \"POST /api/webhooks/stripe HTTP/1.1\" 200 17 \"-\" \"Stripe/1.0 (+https://stripe.com/docs/webhooks)\"","service":"payment-service","timestamp":"2025-03-04 15:09:51"}
{"eventId":"evt_3QyvEHDxY1cZtFZH0jLLJqwo","level":"info","message":"Processing webhook event: payment_intent.created","service":"payment-service","timestamp":"2025-03-04 15:09:51"}
{"level":"info","message":"Ignoring unhandled webhook event type: payment_intent.created","service":"payment-service","timestamp":"2025-03-04 15:09:51"}
{"level":"info","message":"::1 - - [04/Mar/2025:13:09:51 +0000] \"POST /api/webhooks/stripe HTTP/1.1\" 200 17 \"-\" \"Stripe/1.0 (+https://stripe.com/docs/webhooks)\"","service":"payment-service","timestamp":"2025-03-04 15:09:51"}
{"level":"warn","message":"No matching transaction found for payment intent pi_3QyvEHDxY1cZtFZH0MdhM88N","service":"payment-service","timestamp":"2025-03-04 15:09:51"}
{"level":"warn","message":"No matching transaction found for charge ch_3QyvEHDxY1cZtFZH0BCsKpKD","service":"payment-service","timestamp":"2025-03-04 15:09:51"}
{"level":"info","message":"Payment service running on port 3003","service":"payment-service","timestamp":"2025-03-04 15:31:12"}
{"level":"info","message":"Database info: Starting a postgresql pool with 5 connections.","service":"payment-service","timestamp":"2025-03-04 15:31:12"}
{"level":"info","message":"Successfully connected to the database","service":"payment-service","timestamp":"2025-03-04 15:31:12"}
{"error":{"clientVersion":"6.4.1","errorCode":"P1012","name":"PrismaClientInitializationError"},"level":"error","message":"Failed to connect to the database: \u001b[1;91merror\u001b[0m: \u001b[1mError validating datasource `db`: the URL must start with the protocol `postgresql://` or `postgres://`.\u001b[0m\n  \u001b[1;94m-->\u001b[0m  \u001b[4mschema.prisma:9\u001b[0m\n\u001b[1;94m   | \u001b[0m\n\u001b[1;94m 8 | \u001b[0m  provider = \"postgresql\"\n\u001b[1;94m 9 | \u001b[0m  url      = \u001b[1;91menv(\"DATABASE_URL\")\u001b[0m\n\u001b[1;94m   | \u001b[0m\n\nValidation Error Count: 1","service":"payment-service","timestamp":"2025-03-05 12:40:42"}
{"error":{"clientVersion":"6.4.1","errorCode":"P1012","name":"PrismaClientInitializationError"},"level":"error","message":"Failed to connect to the database: \u001b[1;91merror\u001b[0m: \u001b[1mError validating datasource `db`: the URL must start with the protocol `postgresql://` or `postgres://`.\u001b[0m\n  \u001b[1;94m-->\u001b[0m  \u001b[4mschema.prisma:9\u001b[0m\n\u001b[1;94m   | \u001b[0m\n\u001b[1;94m 8 | \u001b[0m  provider = \"postgresql\"\n\u001b[1;94m 9 | \u001b[0m  url      = \u001b[1;91menv(\"DATABASE_URL\")\u001b[0m\n\u001b[1;94m   | \u001b[0m\n\nValidation Error Count: 1","service":"payment-service","timestamp":"2025-03-05 12:43:29"}
{"error":{"clientVersion":"6.4.1","errorCode":"P1012","name":"PrismaClientInitializationError"},"level":"error","message":"Failed to connect to the database: \u001b[1;91merror\u001b[0m: \u001b[1mError validating datasource `db`: the URL must start with the protocol `postgresql://` or `postgres://`.\u001b[0m\n  \u001b[1;94m-->\u001b[0m  \u001b[4mschema.prisma:9\u001b[0m\n\u001b[1;94m   | \u001b[0m\n\u001b[1;94m 8 | \u001b[0m  provider = \"postgresql\"\n\u001b[1;94m 9 | \u001b[0m  url      = \u001b[1;91menv(\"DATABASE_URL\")\u001b[0m\n\u001b[1;94m   | \u001b[0m\n\nValidation Error Count: 1","service":"payment-service","timestamp":"2025-03-05 12:44:12"}
{"error":{"clientVersion":"6.4.1","errorCode":"P1012","name":"PrismaClientInitializationError"},"level":"error","message":"Failed to connect to the database: \u001b[1;91merror\u001b[0m: \u001b[1mError validating datasource `db`: the URL must start with the protocol `postgresql://` or `postgres://`.\u001b[0m\n  \u001b[1;94m-->\u001b[0m  \u001b[4mschema.prisma:9\u001b[0m\n\u001b[1;94m   | \u001b[0m\n\u001b[1;94m 8 | \u001b[0m  provider = \"postgresql\"\n\u001b[1;94m 9 | \u001b[0m  url      = \u001b[1;91menv(\"DATABASE_URL\")\u001b[0m\n\u001b[1;94m   | \u001b[0m\n\nValidation Error Count: 1","service":"payment-service","timestamp":"2025-03-05 12:57:14"}
{"error":{"clientVersion":"6.4.1","errorCode":"P1012","name":"PrismaClientInitializationError"},"level":"error","message":"Failed to connect to the database: \u001b[1;91merror\u001b[0m: \u001b[1mError validating datasource `db`: the URL must start with the protocol `postgresql://` or `postgres://`.\u001b[0m\n  \u001b[1;94m-->\u001b[0m  \u001b[4mschema.prisma:9\u001b[0m\n\u001b[1;94m   | \u001b[0m\n\u001b[1;94m 8 | \u001b[0m  provider = \"postgresql\"\n\u001b[1;94m 9 | \u001b[0m  url      = \u001b[1;91menv(\"DATABASE_URL\")\u001b[0m\n\u001b[1;94m   | \u001b[0m\n\nValidation Error Count: 1","service":"payment-service","timestamp":"2025-03-05 12:57:14"}
{"error":{"clientVersion":"6.4.1","errorCode":"P1012","name":"PrismaClientInitializationError"},"level":"error","message":"Failed to connect to the database: \u001b[1;91merror\u001b[0m: \u001b[1mError validating datasource `db`: the URL must start with the protocol `postgresql://` or `postgres://`.\u001b[0m\n  \u001b[1;94m-->\u001b[0m  \u001b[4mschema.prisma:9\u001b[0m\n\u001b[1;94m   | \u001b[0m\n\u001b[1;94m 8 | \u001b[0m  provider = \"postgresql\"\n\u001b[1;94m 9 | \u001b[0m  url      = \u001b[1;91menv(\"DATABASE_URL\")\u001b[0m\n\u001b[1;94m   | \u001b[0m\n\nValidation Error Count: 1","service":"payment-service","timestamp":"2025-03-05 13:00:52"}
{"error":{"clientVersion":"6.4.1","errorCode":"P1012","name":"PrismaClientInitializationError"},"level":"error","message":"Failed to connect to the database: \u001b[1;91merror\u001b[0m: \u001b[1mError validating datasource `db`: the URL must start with the protocol `postgresql://` or `postgres://`.\u001b[0m\n  \u001b[1;94m-->\u001b[0m  \u001b[4mschema.prisma:9\u001b[0m\n\u001b[1;94m   | \u001b[0m\n\u001b[1;94m 8 | \u001b[0m  provider = \"postgresql\"\n\u001b[1;94m 9 | \u001b[0m  url      = \u001b[1;91menv(\"DATABASE_URL\")\u001b[0m\n\u001b[1;94m   | \u001b[0m\n\nValidation Error Count: 1","service":"payment-service","timestamp":"2025-03-05 13:00:52"}
{"error":{"clientVersion":"6.4.1","errorCode":"P1012","name":"PrismaClientInitializationError"},"level":"error","message":"Failed to connect to the database: \u001b[1;91merror\u001b[0m: \u001b[1mError validating datasource `db`: the URL must start with the protocol `postgresql://` or `postgres://`.\u001b[0m\n  \u001b[1;94m-->\u001b[0m  \u001b[4mschema.prisma:9\u001b[0m\n\u001b[1;94m   | \u001b[0m\n\u001b[1;94m 8 | \u001b[0m  provider = \"postgresql\"\n\u001b[1;94m 9 | \u001b[0m  url      = \u001b[1;91menv(\"DATABASE_URL\")\u001b[0m\n\u001b[1;94m   | \u001b[0m\n\nValidation Error Count: 1","service":"payment-service","timestamp":"2025-03-05 13:01:37"}
{"error":{"clientVersion":"6.4.1","errorCode":"P1012","name":"PrismaClientInitializationError"},"level":"error","message":"Failed to connect to the database: \u001b[1;91merror\u001b[0m: \u001b[1mError validating datasource `db`: the URL must start with the protocol `postgresql://` or `postgres://`.\u001b[0m\n  \u001b[1;94m-->\u001b[0m  \u001b[4mschema.prisma:9\u001b[0m\n\u001b[1;94m   | \u001b[0m\n\u001b[1;94m 8 | \u001b[0m  provider = \"postgresql\"\n\u001b[1;94m 9 | \u001b[0m  url      = \u001b[1;91menv(\"DATABASE_URL\")\u001b[0m\n\u001b[1;94m   | \u001b[0m\n\nValidation Error Count: 1","service":"payment-service","timestamp":"2025-03-05 13:01:38"}
{"level":"info","message":"Payment service running on port 3003","service":"payment-service","timestamp":"2025-03-05 13:13:32"}
{"level":"info","message":"Successfully connected to the database","service":"payment-service","timestamp":"2025-03-05 13:13:32"}
{"level":"warn","message":"401 - Authentication token is missing","method":"POST","params":{},"path":"/api/payments","service":"payment-service","timestamp":"2025-03-05 13:20:53"}
{"level":"info","message":"::ffff:127.0.0.1 - - [05/Mar/2025:11:20:53 +0000] \"POST /api/payments HTTP/1.1\" 401 1562 \"-\" \"PostmanRuntime/7.39.1\"","service":"payment-service","timestamp":"2025-03-05 13:20:53"}
{"level":"info","message":"Payment service running on port 3003","service":"payment-service","timestamp":"2025-03-05 13:31:51"}
{"level":"info","message":"Successfully connected to the database","service":"payment-service","timestamp":"2025-03-05 13:31:51"}
{"level":"info","message":"Payment service running on port 3003","service":"payment-service","timestamp":"2025-03-05 13:31:56"}
{"level":"info","message":"Successfully connected to the database","service":"payment-service","timestamp":"2025-03-05 13:31:56"}
{"level":"info","message":"Payment service running on port 3003","service":"payment-service","timestamp":"2025-03-05 13:32:01"}
{"level":"info","message":"Successfully connected to the database","service":"payment-service","timestamp":"2025-03-05 13:32:02"}
{"level":"info","message":"Payment service running on port 3003","service":"payment-service","timestamp":"2025-03-05 13:32:05"}
{"level":"info","message":"Successfully connected to the database","service":"payment-service","timestamp":"2025-03-05 13:32:05"}
{"level":"warn","message":"401 - Authentication token is missing","method":"POST","params":{},"path":"/api/payments","service":"payment-service","timestamp":"2025-03-05 13:33:19"}
{"level":"info","message":"::ffff:127.0.0.1 - - [05/Mar/2025:11:33:19 +0000] \"POST /api/payments HTTP/1.1\" 401 1562 \"-\" \"PostmanRuntime/7.39.1\"","service":"payment-service","timestamp":"2025-03-05 13:33:19"}
{"level":"info","message":"Payment service running on port 3003","service":"payment-service","timestamp":"2025-03-05 13:36:12"}
{"level":"info","message":"Successfully connected to the database","service":"payment-service","timestamp":"2025-03-05 13:36:12"}
{"level":"warn","message":"401 - Authentication token is missing","method":"POST","params":{},"path":"/api/payments","service":"payment-service","timestamp":"2025-03-05 13:36:24"}
{"level":"info","message":"::ffff:127.0.0.1 - - [05/Mar/2025:11:36:24 +0000] \"POST /api/payments HTTP/1.1\" 401 61 \"-\" \"PostmanRuntime/7.39.1\"","service":"payment-service","timestamp":"2025-03-05 13:36:24"}
{"level":"error","message":"Auth service unavailable: connect ECONNREFUSED ::1:5000","service":"payment-service","timestamp":"2025-03-05 13:40:56"}
{"body":{"amount":99.99,"courseId":"course123","educatorId":"educator456","paymentMethodId":"pm_card_visa"},"error":"Error: Authentication service unavailable\n    at validateToken (C:\\Users\\Brilliant\\Desktop\\Nodejs\\FinalProject\\payment-service\\src\\middleware\\auth.js:40:21)\n    at process.processTicksAndRejections (node:internal/process/task_queues:105:5)","level":"error","message":"503 - Authentication service unavailable","method":"POST","params":{},"path":"/api/payments","query":{},"service":"payment-service","timestamp":"2025-03-05 13:40:56"}
{"level":"info","message":"::ffff:127.0.0.1 - - [05/Mar/2025:11:40:56 +0000] \"POST /api/payments HTTP/1.1\" 503 64 \"-\" \"PostmanRuntime/7.39.1\"","service":"payment-service","timestamp":"2025-03-05 13:40:56"}
{"level":"info","message":"Payment service running on port 3003","service":"payment-service","timestamp":"2025-03-05 13:46:45"}
{"level":"info","message":"Successfully connected to the database","service":"payment-service","timestamp":"2025-03-05 13:46:45"}
{"level":"error","message":"Auth service unavailable: connect ECONNREFUSED ::1:5000","service":"payment-service","timestamp":"2025-03-05 13:46:58"}
{"body":{"amount":99.99,"courseId":"course123","educatorId":"educator456","paymentMethodId":"pm_card_visa"},"error":"Error: Authentication service unavailable\n    at validateToken (C:\\Users\\Brilliant\\Desktop\\Nodejs\\FinalProject\\payment-service\\src\\middleware\\auth.js:40:21)\n    at process.processTicksAndRejections (node:internal/process/task_queues:105:5)","level":"error","message":"503 - Authentication service unavailable","method":"POST","params":{},"path":"/api/payments","query":{},"service":"payment-service","timestamp":"2025-03-05 13:46:58"}
{"level":"info","message":"::ffff:127.0.0.1 - - [05/Mar/2025:11:46:58 +0000] \"POST /api/payments HTTP/1.1\" 503 64 \"-\" \"PostmanRuntime/7.39.1\"","service":"payment-service","timestamp":"2025-03-05 13:46:58"}
{"level":"error","message":"Auth service unavailable: connect ECONNREFUSED ::1:5000","service":"payment-service","timestamp":"2025-03-05 13:47:13"}
{"body":{"amount":99.99,"courseId":"course123","educatorId":"educator456","paymentMethodId":"pm_card_visa"},"error":"Error: Authentication service unavailable\n    at validateToken (C:\\Users\\Brilliant\\Desktop\\Nodejs\\FinalProject\\payment-service\\src\\middleware\\auth.js:40:21)\n    at process.processTicksAndRejections (node:internal/process/task_queues:105:5)","level":"error","message":"503 - Authentication service unavailable","method":"POST","params":{},"path":"/api/payments","query":{},"service":"payment-service","timestamp":"2025-03-05 13:47:13"}
{"level":"info","message":"::ffff:127.0.0.1 - - [05/Mar/2025:11:47:13 +0000] \"POST /api/payments HTTP/1.1\" 503 64 \"-\" \"PostmanRuntime/7.39.1\"","service":"payment-service","timestamp":"2025-03-05 13:47:13"}
{"level":"info","message":"Payment service running on port 3003","service":"payment-service","timestamp":"2025-03-05 13:48:06"}
{"level":"info","message":"Successfully connected to the database","service":"payment-service","timestamp":"2025-03-05 13:48:06"}
{"level":"error","message":"Auth service unavailable: connect ECONNREFUSED ::1:5000","service":"payment-service","timestamp":"2025-03-05 13:48:11"}
{"body":{"amount":99.99,"courseId":"course123","educatorId":"educator456","paymentMethodId":"pm_card_visa"},"error":"Error: Authentication service unavailable\n    at validateToken (C:\\Users\\Brilliant\\Desktop\\Nodejs\\FinalProject\\payment-service\\src\\middleware\\auth.js:40:21)\n    at process.processTicksAndRejections (node:internal/process/task_queues:105:5)","level":"error","message":"503 - Authentication service unavailable","method":"POST","params":{},"path":"/api/payments","query":{},"service":"payment-service","timestamp":"2025-03-05 13:48:11"}
{"level":"info","message":"::ffff:127.0.0.1 - - [05/Mar/2025:11:48:11 +0000] \"POST /api/payments HTTP/1.1\" 503 64 \"-\" \"PostmanRuntime/7.39.1\"","service":"payment-service","timestamp":"2025-03-05 13:48:11"}
{"level":"error","message":"Auth service unavailable: connect ECONNREFUSED ::1:5000","service":"payment-service","timestamp":"2025-03-05 13:48:23"}
{"body":{"amount":99.99,"courseId":"course123","educatorId":"educator456","paymentMethodId":"pm_card_visa"},"error":"Error: Authentication service unavailable\n    at validateToken (C:\\Users\\Brilliant\\Desktop\\Nodejs\\FinalProject\\payment-service\\src\\middleware\\auth.js:40:21)\n    at process.processTicksAndRejections (node:internal/process/task_queues:105:5)","level":"error","message":"503 - Authentication service unavailable","method":"POST","params":{},"path":"/api/payments","query":{},"service":"payment-service","timestamp":"2025-03-05 13:48:23"}
{"level":"info","message":"::ffff:127.0.0.1 - - [05/Mar/2025:11:48:23 +0000] \"POST /api/payments HTTP/1.1\" 503 64 \"-\" \"PostmanRuntime/7.39.1\"","service":"payment-service","timestamp":"2025-03-05 13:48:23"}
{"level":"error","message":"Auth service unavailable: connect ECONNREFUSED ::1:5000","service":"payment-service","timestamp":"2025-03-05 13:48:55"}
